C:\USERS\MAROB\DOCUMENTS\VISUAL STUDIO 2012\PROJECTS\CLASSROOM10\CLASSROOM10\DEBUG\CLASSROOM10.OBJ
C:\USERS\MAROB\DOCUMENTS\VISUAL STUDIO 2012\PROJECTS\CLASSROOM10\CLASSROOM10\DEBUG\VC110.PDB
C:\USERS\MAROB\DOCUMENTS\VISUAL STUDIO 2012\PROJECTS\CLASSROOM10\DEBUG\CLASSROOM10.ILK
C:\USERS\MAROB\DOCUMENTS\VISUAL STUDIO 2012\PROJECTS\CLASSROOM10\DEBUG\CLASSROOM10.EXE
C:\USERS\MAROB\DOCUMENTS\VISUAL STUDIO 2012\PROJECTS\CLASSROOM10\DEBUG\CLASSROOM10.PDB
C:\Users\MAROB\Documents\Visual Studio 2012\Projects\ClassRoom10\ClassRoom10\Debug\ClassRoom10.obj
C:\Users\MAROB\Documents\Visual Studio 2012\Projects\ClassRoom10\ClassRoom10\Debug\cl.command.1.tlog
C:\Users\MAROB\Documents\Visual Studio 2012\Projects\ClassRoom10\ClassRoom10\Debug\CL.read.1.tlog
C:\Users\MAROB\Documents\Visual Studio 2012\Projects\ClassRoom10\ClassRoom10\Debug\CL.write.1.tlog
C:\Users\MAROB\Documents\Visual Studio 2012\Projects\ClassRoom10\ClassRoom10\Debug\link-cvtres.read.1.tlog
C:\Users\MAROB\Documents\Visual Studio 2012\Projects\ClassRoom10\ClassRoom10\Debug\link-cvtres.write.1.tlog
C:\Users\MAROB\Documents\Visual Studio 2012\Projects\ClassRoom10\ClassRoom10\Debug\link-rc.read.1.tlog
C:\Users\MAROB\Documents\Visual Studio 2012\Projects\ClassRoom10\ClassRoom10\Debug\link-rc.write.1.tlog
C:\Users\MAROB\Documents\Visual Studio 2012\Projects\ClassRoom10\ClassRoom10\Debug\link.6512-cvtres.read.1.tlog
C:\Users\MAROB\Documents\Visual Studio 2012\Projects\ClassRoom10\ClassRoom10\Debug\link.6512-cvtres.write.1.tlog
C:\Users\MAROB\Documents\Visual Studio 2012\Projects\ClassRoom10\ClassRoom10\Debug\link.6512-rc.read.1.tlog
C:\Users\MAROB\Documents\Visual Studio 2012\Projects\ClassRoom10\ClassRoom10\Debug\link.6512-rc.write.1.tlog
C:\Users\MAROB\Documents\Visual Studio 2012\Projects\ClassRoom10\ClassRoom10\Debug\link.6512.read.1.tlog
C:\Users\MAROB\Documents\Visual Studio 2012\Projects\ClassRoom10\ClassRoom10\Debug\link.6512.write.1.tlog
C:\Users\MAROB\Documents\Visual Studio 2012\Projects\ClassRoom10\ClassRoom10\Debug\link.command.1.tlog
C:\Users\MAROB\Documents\Visual Studio 2012\Projects\ClassRoom10\ClassRoom10\Debug\link.read.1.tlog
C:\Users\MAROB\Documents\Visual Studio 2012\Projects\ClassRoom10\ClassRoom10\Debug\link.write.1.tlog
C:\Users\MAROB\Documents\Visual Studio 2012\Projects\ClassRoom10\ClassRoom10\Debug\vc110.idb
C:\Users\MAROB\Documents\Visual Studio 2012\Projects\ClassRoom10\ClassRoom10\Debug\vc110.pdb
C:\Users\MAROB\Documents\Visual Studio 2012\Projects\ClassRoom10\Debug\ClassRoom10.pdb
C:\Users\MAROB\Documents\Visual Studio 2012\Projects\ClassRoom10\Debug\ClassRoom10.exe
C:\Users\MAROB\Documents\Visual Studio 2012\Projects\ClassRoom10\Debug\ClassRoom10.ilk
